#! /c/Source/iverilog-install/bin/vvp
:ivl_version "12.0 (devel)" "(s20150603-1539-g2693dd32b)";
:ivl_delay_selection "TYPICAL";
:vpi_time_precision - 12;
:vpi_module "C:\iverilog\lib\ivl\system.vpi";
:vpi_module "C:\iverilog\lib\ivl\vhdl_sys.vpi";
:vpi_module "C:\iverilog\lib\ivl\vhdl_textio.vpi";
:vpi_module "C:\iverilog\lib\ivl\v2005_math.vpi";
:vpi_module "C:\iverilog\lib\ivl\va_math.vpi";
S_00000275972eeb20 .scope module, "microwave" "microwave" 2 7;
 .timescale -9 -12;
    .port_info 0 /INPUT 1 "startn";
    .port_info 1 /INPUT 1 "clearn";
    .port_info 2 /INPUT 1 "stopn";
    .port_info 3 /INPUT 1 "door_closed";
    .port_info 4 /INPUT 10 "keypad";
    .port_info 5 /INPUT 1 "clk";
    .port_info 6 /OUTPUT 7 "sec_ones_segs";
    .port_info 7 /OUTPUT 7 "sec_tens_segs";
    .port_info 8 /OUTPUT 7 "mins_segs";
    .port_info 9 /OUTPUT 1 "mag_on";
v000002759738f9e0_0 .net "BCD_OUT", 3 0, v000002759738ed30_0;  1 drivers
o0000027597337cc8 .functor BUFZ 1, C4<z>; HiZ drive
v0000027597390c00_0 .net "clearn", 0 0, o0000027597337cc8;  0 drivers
o0000027597338d48 .functor BUFZ 1, C4<z>; HiZ drive
v0000027597390ca0_0 .net "clk", 0 0, o0000027597338d48;  0 drivers
o00000275973392e8 .functor BUFZ 1, C4<z>; HiZ drive
v0000027597390d40_0 .net "door_closed", 0 0, o00000275973392e8;  0 drivers
o0000027597338c28 .functor BUFZ 10, C4<zzzzzzzzzz>; HiZ drive
v0000027597390de0_0 .net "keypad", 9 0, o0000027597338c28;  0 drivers
v0000027597391b30_0 .net "loadn", 0 0, v000002759738d4d0_0;  1 drivers
v0000027597391bd0_0 .net "mag_on", 0 0, v000002759738f260_0;  1 drivers
v0000027597391590_0 .net "min", 3 0, L_0000027597428d20;  1 drivers
v0000027597391130_0 .net "mins_segs", 6 0, v000002759738ec90_0;  1 drivers
v0000027597391630_0 .net "pgt_1hz", 0 0, L_0000027597391ef0;  1 drivers
v0000027597391a90_0 .net "sec_ones", 3 0, L_000002759731c480;  1 drivers
v0000027597392ad0_0 .net "sec_ones_segs", 6 0, v000002759738db10_0;  1 drivers
v0000027597392350_0 .net "sec_tens", 3 0, L_000002759731c6b0;  1 drivers
v00000275973922b0_0 .net "sec_tens_segs", 6 0, v000002759738eb50_0;  1 drivers
o0000027597339378 .functor BUFZ 1, C4<z>; HiZ drive
v0000027597392e90_0 .net "startn", 0 0, o0000027597339378;  0 drivers
o00000275973393a8 .functor BUFZ 1, C4<z>; HiZ drive
v00000275973916d0_0 .net "stopn", 0 0, o00000275973393a8;  0 drivers
v00000275973923f0_0 .net "zero", 0 0, L_0000027597428230;  1 drivers
S_00000275972eecb0 .scope module, "contador_nivel2" "contador_nivel2" 2 38, 3 6 0, S_00000275972eeb20;
 .timescale -9 -12;
    .port_info 0 /INPUT 4 "uni_sec";
    .port_info 1 /INPUT 1 "clear";
    .port_info 2 /INPUT 1 "clk";
    .port_info 3 /INPUT 1 "enable";
    .port_info 4 /INPUT 1 "load";
    .port_info 5 /OUTPUT 4 "count_us";
    .port_info 6 /OUTPUT 4 "count_ds";
    .port_info 7 /OUTPUT 4 "count_m";
    .port_info 8 /OUTPUT 1 "zero";
L_000002759731c800 .functor AND 1, L_0000027597391450, L_0000027597392210, C4<1>, C4<1>;
L_0000027597428380 .functor AND 1, L_0000027597392210, L_0000027597391450, C4<1>, C4<1>;
L_0000027597428230 .functor AND 1, L_0000027597428380, L_0000027597391c70, C4<1>, C4<1>;
v000002759738e3d0_0 .net *"_ivl_2", 0 0, L_0000027597428380;  1 drivers
v000002759738d930_0 .net "clear", 0 0, o0000027597337cc8;  alias, 0 drivers
v000002759738e5b0_0 .net "clk", 0 0, L_0000027597391ef0;  alias, 1 drivers
v000002759738d6b0_0 .net "count_ds", 3 0, L_000002759731c6b0;  alias, 1 drivers
v000002759738d9d0_0 .net "count_m", 3 0, L_0000027597428d20;  alias, 1 drivers
v000002759738e6f0_0 .net "count_us", 3 0, L_000002759731c480;  alias, 1 drivers
o0000027597337d58 .functor BUFZ 4, C4<zzzz>; HiZ drive
v000002759738ebf0_0 .net "dez_sec", 3 0, o0000027597337d58;  0 drivers
v000002759738dd90_0 .net "enable", 0 0, v000002759738f260_0;  alias, 1 drivers
v000002759738e790_0 .net "load", 0 0, v000002759738d4d0_0;  alias, 1 drivers
o0000027597338208 .functor BUFZ 4, C4<zzzz>; HiZ drive
v000002759738ee70_0 .net "min", 3 0, o0000027597338208;  0 drivers
v000002759738e830_0 .net "tc1", 0 0, L_0000027597392210;  1 drivers
v000002759738e0b0_0 .net "tc2", 0 0, L_0000027597391450;  1 drivers
v000002759738e8d0_0 .net "tc3", 0 0, L_000002759731c800;  1 drivers
v000002759738d1b0_0 .net "tc4", 0 0, L_0000027597391c70;  1 drivers
v000002759738e970_0 .net "uni_sec", 3 0, v000002759738ed30_0;  alias, 1 drivers
v000002759738e510_0 .net "zero", 0 0, L_0000027597428230;  alias, 1 drivers
S_0000027597303280 .scope module, "ds" "contador_mod6" 3 19, 4 1 0, S_00000275972eecb0;
 .timescale -9 -12;
    .port_info 0 /INPUT 4 "data";
    .port_info 1 /INPUT 1 "clk";
    .port_info 2 /INPUT 1 "load";
    .port_info 3 /INPUT 1 "reset";
    .port_info 4 /OUTPUT 4 "count";
    .port_info 5 /OUTPUT 1 "tc";
    .port_info 6 /INPUT 1 "stop";
    .port_info 7 /INPUT 1 "clear";
L_000002759731c6b0 .functor BUFZ 4, v0000027597333520_0, C4<0000>, C4<0000>, C4<0000>;
L_000002759731c720 .functor AND 1, v000002759738f260_0, L_00000275973925d0, C4<1>, C4<1>;
v0000027597331f40_0 .net *"_ivl_10", 0 0, L_00000275973925d0;  1 drivers
L_00000275973e0310 .functor BUFT 1, C4<0000>, C4<0>, C4<0>, C4<0>;
v0000027597332260_0 .net/2u *"_ivl_14", 3 0, L_00000275973e0310;  1 drivers
v0000027597331b80_0 .net *"_ivl_16", 0 0, L_0000027597392b70;  1 drivers
L_00000275973e0358 .functor BUFT 1, C4<1>, C4<0>, C4<0>, C4<0>;
v0000027597333160_0 .net/2u *"_ivl_18", 0 0, L_00000275973e0358;  1 drivers
L_00000275973e0238 .functor BUFT 1, C4<0000>, C4<0>, C4<0>, C4<0>;
v00000275973328a0_0 .net/2u *"_ivl_2", 3 0, L_00000275973e0238;  1 drivers
L_00000275973e03a0 .functor BUFT 1, C4<0>, C4<0>, C4<0>, C4<0>;
v0000027597333480_0 .net/2u *"_ivl_20", 0 0, L_00000275973e03a0;  1 drivers
v0000027597332a80_0 .net *"_ivl_4", 0 0, L_00000275973918b0;  1 drivers
L_00000275973e0280 .functor BUFT 1, C4<0>, C4<0>, C4<0>, C4<0>;
v0000027597331fe0_0 .net/2u *"_ivl_6", 0 0, L_00000275973e0280;  1 drivers
L_00000275973e02c8 .functor BUFT 1, C4<1>, C4<0>, C4<0>, C4<0>;
v0000027597332440_0 .net/2u *"_ivl_8", 0 0, L_00000275973e02c8;  1 drivers
v0000027597332080_0 .net "clear", 0 0, o0000027597337cc8;  alias, 0 drivers
v0000027597331c20_0 .net "clk", 0 0, L_0000027597391ef0;  alias, 1 drivers
v00000275973332a0_0 .net "count", 3 0, L_000002759731c6b0;  alias, 1 drivers
v0000027597331cc0_0 .net "data", 3 0, o0000027597337d58;  alias, 0 drivers
v0000027597331d60_0 .net "load", 0 0, v000002759738d4d0_0;  alias, 1 drivers
v0000027597333520_0 .var "reg_count", 3 0;
v0000027597332b20_0 .net "reset", 0 0, v000002759738f260_0;  alias, 1 drivers
v00000275973324e0_0 .net "reset_comb", 0 0, L_000002759731c720;  1 drivers
v0000027597331e00_0 .net "stop", 0 0, L_0000027597392210;  alias, 1 drivers
v0000027597332ee0_0 .net "tc", 0 0, L_0000027597391450;  alias, 1 drivers
E_0000027597327e90 .event negedge, v0000027597332080_0;
E_00000275973281d0 .event posedge, v0000027597331c20_0;
L_00000275973918b0 .cmp/eq 4, v0000027597333520_0, L_00000275973e0238;
L_00000275973925d0 .functor MUXZ 1, L_00000275973e02c8, L_00000275973e0280, L_00000275973918b0, C4<>;
L_0000027597392b70 .cmp/eq 4, v0000027597333520_0, L_00000275973e0310;
L_0000027597391450 .functor MUXZ 1, L_00000275973e03a0, L_00000275973e0358, L_0000027597392b70, C4<>;
S_0000027597303410 .scope module, "ms" "contador_mod10" 3 23, 5 1 0, S_00000275972eecb0;
 .timescale -9 -12;
    .port_info 0 /INPUT 4 "data";
    .port_info 1 /INPUT 1 "clk";
    .port_info 2 /INPUT 1 "load";
    .port_info 3 /INPUT 1 "reset";
    .port_info 4 /OUTPUT 4 "count";
    .port_info 5 /OUTPUT 1 "tc";
    .port_info 6 /INPUT 1 "stop";
    .port_info 7 /INPUT 1 "clear";
L_0000027597428d20 .functor BUFZ 4, v0000027597323450_0, C4<0000>, C4<0000>, C4<0000>;
L_0000027597428d90 .functor AND 1, v000002759738f260_0, L_0000027597391770, C4<1>, C4<1>;
v0000027597332bc0_0 .net *"_ivl_10", 0 0, L_0000027597391770;  1 drivers
L_00000275973e04c0 .functor BUFT 1, C4<0000>, C4<0>, C4<0>, C4<0>;
v0000027597331720_0 .net/2u *"_ivl_14", 3 0, L_00000275973e04c0;  1 drivers
v00000275973317c0_0 .net *"_ivl_16", 0 0, L_0000027597392670;  1 drivers
L_00000275973e0508 .functor BUFT 1, C4<1>, C4<0>, C4<0>, C4<0>;
v0000027597331860_0 .net/2u *"_ivl_18", 0 0, L_00000275973e0508;  1 drivers
L_00000275973e03e8 .functor BUFT 1, C4<0000>, C4<0>, C4<0>, C4<0>;
v0000027597332d00_0 .net/2u *"_ivl_2", 3 0, L_00000275973e03e8;  1 drivers
L_00000275973e0550 .functor BUFT 1, C4<0>, C4<0>, C4<0>, C4<0>;
v0000027597331ea0_0 .net/2u *"_ivl_20", 0 0, L_00000275973e0550;  1 drivers
v0000027597332120_0 .net *"_ivl_4", 0 0, L_0000027597391810;  1 drivers
L_00000275973e0430 .functor BUFT 1, C4<0>, C4<0>, C4<0>, C4<0>;
v00000275973321c0_0 .net/2u *"_ivl_6", 0 0, L_00000275973e0430;  1 drivers
L_00000275973e0478 .functor BUFT 1, C4<1>, C4<0>, C4<0>, C4<0>;
v0000027597332da0_0 .net/2u *"_ivl_8", 0 0, L_00000275973e0478;  1 drivers
v0000027597332580_0 .net "clear", 0 0, o0000027597337cc8;  alias, 0 drivers
v0000027597332e40_0 .net "clk", 0 0, L_0000027597391ef0;  alias, 1 drivers
v0000027597332f80_0 .net "count", 3 0, L_0000027597428d20;  alias, 1 drivers
v0000027597333200_0 .net "data", 3 0, o0000027597338208;  alias, 0 drivers
v0000027597331900_0 .net "load", 0 0, v000002759738d4d0_0;  alias, 1 drivers
v0000027597323450_0 .var "reg_count", 3 0;
v00000275973225f0_0 .net "reset", 0 0, v000002759738f260_0;  alias, 1 drivers
v0000027597322690_0 .net "reset_comb", 0 0, L_0000027597428d90;  1 drivers
v000002759738edd0_0 .net "stop", 0 0, L_000002759731c800;  alias, 1 drivers
v000002759738d890_0 .net "tc", 0 0, L_0000027597391c70;  alias, 1 drivers
L_0000027597391810 .cmp/eq 4, v0000027597323450_0, L_00000275973e03e8;
L_0000027597391770 .functor MUXZ 1, L_00000275973e0478, L_00000275973e0430, L_0000027597391810, C4<>;
L_0000027597392670 .cmp/eq 4, v0000027597323450_0, L_00000275973e04c0;
L_0000027597391c70 .functor MUXZ 1, L_00000275973e0550, L_00000275973e0508, L_0000027597392670, C4<>;
S_00000275972f9930 .scope module, "us" "contador_mod10" 3 18, 5 1 0, S_00000275972eecb0;
 .timescale -9 -12;
    .port_info 0 /INPUT 4 "data";
    .port_info 1 /INPUT 1 "clk";
    .port_info 2 /INPUT 1 "load";
    .port_info 3 /INPUT 1 "reset";
    .port_info 4 /OUTPUT 4 "count";
    .port_info 5 /OUTPUT 1 "tc";
    .port_info 6 /INPUT 1 "stop";
    .port_info 7 /INPUT 1 "clear";
L_000002759731c480 .functor BUFZ 4, v000002759738e330_0, C4<0000>, C4<0000>, C4<0000>;
L_000002759731c640 .functor AND 1, v000002759738f260_0, L_0000027597392490, C4<1>, C4<1>;
v000002759738ded0_0 .net *"_ivl_10", 0 0, L_0000027597392490;  1 drivers
L_00000275973e0160 .functor BUFT 1, C4<0000>, C4<0>, C4<0>, C4<0>;
v000002759738da70_0 .net/2u *"_ivl_14", 3 0, L_00000275973e0160;  1 drivers
v000002759738d390_0 .net *"_ivl_16", 0 0, L_0000027597392530;  1 drivers
L_00000275973e01a8 .functor BUFT 1, C4<1>, C4<0>, C4<0>, C4<0>;
v000002759738e290_0 .net/2u *"_ivl_18", 0 0, L_00000275973e01a8;  1 drivers
L_00000275973e0088 .functor BUFT 1, C4<0000>, C4<0>, C4<0>, C4<0>;
v000002759738dcf0_0 .net/2u *"_ivl_2", 3 0, L_00000275973e0088;  1 drivers
L_00000275973e01f0 .functor BUFT 1, C4<0>, C4<0>, C4<0>, C4<0>;
v000002759738de30_0 .net/2u *"_ivl_20", 0 0, L_00000275973e01f0;  1 drivers
v000002759738e650_0 .net *"_ivl_4", 0 0, L_0000027597391e50;  1 drivers
L_00000275973e00d0 .functor BUFT 1, C4<0>, C4<0>, C4<0>, C4<0>;
v000002759738e150_0 .net/2u *"_ivl_6", 0 0, L_00000275973e00d0;  1 drivers
L_00000275973e0118 .functor BUFT 1, C4<1>, C4<0>, C4<0>, C4<0>;
v000002759738dc50_0 .net/2u *"_ivl_8", 0 0, L_00000275973e0118;  1 drivers
v000002759738df70_0 .net "clear", 0 0, o0000027597337cc8;  alias, 0 drivers
v000002759738d070_0 .net "clk", 0 0, L_0000027597391ef0;  alias, 1 drivers
v000002759738e010_0 .net "count", 3 0, L_000002759731c480;  alias, 1 drivers
v000002759738eab0_0 .net "data", 3 0, v000002759738ed30_0;  alias, 1 drivers
v000002759738e470_0 .net "load", 0 0, v000002759738d4d0_0;  alias, 1 drivers
v000002759738e330_0 .var "reg_count", 3 0;
v000002759738e1f0_0 .net "reset", 0 0, v000002759738f260_0;  alias, 1 drivers
v000002759738d7f0_0 .net "reset_comb", 0 0, L_000002759731c640;  1 drivers
v000002759738d110_0 .net "stop", 0 0, v000002759738f260_0;  alias, 1 drivers
v000002759738d610_0 .net "tc", 0 0, L_0000027597392210;  alias, 1 drivers
L_0000027597391e50 .cmp/eq 4, v000002759738e330_0, L_00000275973e0088;
L_0000027597392490 .functor MUXZ 1, L_00000275973e0118, L_00000275973e00d0, L_0000027597391e50, C4<>;
L_0000027597392530 .cmp/eq 4, v000002759738e330_0, L_00000275973e0160;
L_0000027597392210 .functor MUXZ 1, L_00000275973e01f0, L_00000275973e01a8, L_0000027597392530, C4<>;
S_00000275972f9ac0 .scope module, "decodificador" "decodificador" 2 65, 6 1 0, S_00000275972eeb20;
 .timescale 0 0;
    .port_info 0 /INPUT 4 "min";
    .port_info 1 /INPUT 4 "sec_tens";
    .port_info 2 /INPUT 4 "sec_ones";
    .port_info 3 /OUTPUT 7 "min_segs";
    .port_info 4 /OUTPUT 7 "sec_tens_segs";
    .port_info 5 /OUTPUT 7 "sec_ones_segs";
v000002759738ef10_0 .net "min", 3 0, L_0000027597428d20;  alias, 1 drivers
v000002759738ec90_0 .var "min_segs", 6 0;
v000002759738d250_0 .net "sec_ones", 3 0, L_000002759731c480;  alias, 1 drivers
v000002759738db10_0 .var "sec_ones_segs", 6 0;
v000002759738ea10_0 .net "sec_tens", 3 0, L_000002759731c6b0;  alias, 1 drivers
v000002759738eb50_0 .var "sec_tens_segs", 6 0;
E_0000027597327ed0 .event anyedge, v000002759738e010_0;
E_00000275973280d0 .event anyedge, v00000275973332a0_0;
E_00000275973284d0 .event anyedge, v0000027597332f80_0;
S_0000027597317a50 .scope module, "encoder" "encoder" 2 26, 7 6 0, S_00000275972eeb20;
 .timescale 0 0;
    .port_info 0 /INPUT 10 "keypad";
    .port_info 1 /INPUT 1 "enablen";
    .port_info 2 /INPUT 1 "clk";
    .port_info 3 /OUTPUT 4 "BCD_OUT";
    .port_info 4 /OUTPUT 1 "loadn";
    .port_info 5 /OUTPUT 1 "pgt_1hz";
v000002759738fd00_0 .net "BCD_OUT", 3 0, v000002759738ed30_0;  alias, 1 drivers
v0000027597390980_0 .net "clk", 0 0, o0000027597338d48;  alias, 0 drivers
v000002759738fda0_0 .net "clk_div_100", 0 0, v000002759738d570_0;  1 drivers
v000002759738f4e0_0 .net "debounced_out", 0 0, v000002759738fa80_0;  1 drivers
v000002759738fee0_0 .net "enablen", 0 0, v000002759738f260_0;  alias, 1 drivers
v00000275973905c0_0 .net "keypad", 9 0, o0000027597338c28;  alias, 0 drivers
v000002759738ff80_0 .net "loadn", 0 0, v000002759738d4d0_0;  alias, 1 drivers
v0000027597390020_0 .net "pgt_1hz", 0 0, L_0000027597391ef0;  alias, 1 drivers
S_0000027597317be0 .scope module, "mod1" "priority_encoder" 7 15, 8 1 0, S_0000027597317a50;
 .timescale 0 0;
    .port_info 0 /INPUT 10 "keypad";
    .port_info 1 /INPUT 1 "enablen";
    .port_info 2 /OUTPUT 4 "BCD_OUT";
    .port_info 3 /OUTPUT 1 "loadn";
v000002759738ed30_0 .var "BCD_OUT", 3 0;
v000002759738d2f0_0 .net "enablen", 0 0, v000002759738f260_0;  alias, 1 drivers
v000002759738d430_0 .net "keypad", 9 0, o0000027597338c28;  alias, 0 drivers
v000002759738d4d0_0 .var "loadn", 0 0;
E_000002759732ab90 .event anyedge, v0000027597332b20_0, v000002759738d430_0;
S_00000275972fdf60 .scope module, "mod2" "div_100" 7 16, 9 1 0, S_0000027597317a50;
 .timescale 0 0;
    .port_info 0 /INPUT 1 "clk";
    .port_info 1 /OUTPUT 1 "clk_div_100";
v000002759738d570_0 .var "ciclo", 0 0;
v000002759738d750_0 .net "clk", 0 0, o0000027597338d48;  alias, 0 drivers
v000002759738dbb0_0 .net "clk_div_100", 0 0, v000002759738d570_0;  alias, 1 drivers
v000002759738f120_0 .var/i "i", 31 0;
E_000002759732aad0 .event posedge, v000002759738d750_0;
S_00000275972fe0f0 .scope module, "mod3" "debouncer" 7 17, 10 1 0, S_0000027597317a50;
 .timescale 0 0;
    .port_info 0 /INPUT 1 "clk";
    .port_info 1 /INPUT 1 "loadn";
    .port_info 2 /OUTPUT 1 "debounced_out";
v000002759738fa80_0 .var "a", 0 0;
v000002759738fc60_0 .net "clk", 0 0, o0000027597338d48;  alias, 0 drivers
v000002759738f1c0_0 .net "debounced_out", 0 0, v000002759738fa80_0;  alias, 1 drivers
v000002759738f580_0 .var "i", 2 0;
v0000027597390ac0_0 .net "loadn", 0 0, v000002759738d4d0_0;  alias, 1 drivers
E_0000027597329fd0 .event posedge, v0000027597331d60_0, v000002759738d750_0;
S_00000275972fbe80 .scope module, "mod4" "mux" 7 18, 11 1 0, S_0000027597317a50;
 .timescale 0 0;
    .port_info 0 /INPUT 1 "enablen";
    .port_info 1 /INPUT 1 "clk_div_100";
    .port_info 2 /INPUT 1 "debounced_out";
    .port_info 3 /OUTPUT 1 "pgt_1hz";
v000002759738fb20_0 .net *"_ivl_1", 0 0, L_00000275973927b0;  1 drivers
v000002759738f620_0 .net "clk_div_100", 0 0, v000002759738d570_0;  alias, 1 drivers
v0000027597390520_0 .net "debounced_out", 0 0, v000002759738fa80_0;  alias, 1 drivers
v000002759738fe40_0 .net "enablen", 0 0, v000002759738f260_0;  alias, 1 drivers
v000002759738f440_0 .net "pgt_1hz", 0 0, L_0000027597391ef0;  alias, 1 drivers
L_00000275973927b0 .reduce/nor v000002759738f260_0;
L_0000027597391ef0 .functor MUXZ 1, v000002759738d570_0, v000002759738fa80_0, L_00000275973927b0, C4<>;
S_00000275972fc010 .scope module, "nivel2_mag_controle" "nivel2_mag_controle" 2 53, 12 4 0, S_00000275972eeb20;
 .timescale 0 0;
    .port_info 0 /INPUT 1 "startn";
    .port_info 1 /INPUT 1 "stopn";
    .port_info 2 /INPUT 1 "clearn";
    .port_info 3 /INPUT 1 "door_closed";
    .port_info 4 /INPUT 1 "timer_done";
    .port_info 5 /OUTPUT 1 "mag_on";
v00000275973903e0_0 .net "clearn", 0 0, o0000027597337cc8;  alias, 0 drivers
v0000027597390700_0 .net "door_closed", 0 0, o00000275973392e8;  alias, 0 drivers
v0000027597390b60_0 .net "mag_on", 0 0, v000002759738f260_0;  alias, 1 drivers
v0000027597390480_0 .net "saida_reset", 0 0, L_0000027597428310;  1 drivers
v00000275973907a0_0 .net "saida_set", 0 0, L_00000275974289a0;  1 drivers
v0000027597390840_0 .net "startn", 0 0, o0000027597339378;  alias, 0 drivers
v00000275973908e0_0 .net "stopn", 0 0, o00000275973393a8;  alias, 0 drivers
v000002759738f300_0 .net "timer_done", 0 0, L_0000027597428230;  alias, 1 drivers
S_00000275972ed6a0 .scope module, "control_mag" "control_mag" 12 11, 13 1 0, S_00000275972fc010;
 .timescale 0 0;
    .port_info 0 /INPUT 1 "startn";
    .port_info 1 /INPUT 1 "stopn";
    .port_info 2 /INPUT 1 "clearn";
    .port_info 3 /INPUT 1 "door_closed";
    .port_info 4 /INPUT 1 "timer_done";
    .port_info 5 /OUTPUT 1 "set";
    .port_info 6 /OUTPUT 1 "reset";
L_0000027597428690 .functor NOT 1, o0000027597339378, C4<0>, C4<0>, C4<0>;
L_00000275974282a0 .functor AND 1, L_0000027597428690, o00000275973392e8, C4<1>, C4<1>;
L_00000275974284d0 .functor NOT 1, L_0000027597428230, C4<0>, C4<0>, C4<0>;
L_00000275974289a0 .functor AND 1, L_00000275974282a0, L_00000275974284d0, C4<1>, C4<1>;
L_0000027597428700 .functor NOT 1, o00000275973392e8, C4<0>, C4<0>, C4<0>;
L_0000027597428770 .functor NOT 1, o0000027597337cc8, C4<0>, C4<0>, C4<0>;
L_00000275974283f0 .functor OR 1, L_0000027597428700, L_0000027597428770, C4<0>, C4<0>;
L_0000027597428e00 .functor NOT 1, o00000275973393a8, C4<0>, C4<0>, C4<0>;
L_0000027597428a10 .functor OR 1, L_00000275974283f0, L_0000027597428e00, C4<0>, C4<0>;
L_0000027597428310 .functor OR 1, L_0000027597428a10, L_0000027597428230, C4<0>, C4<0>;
v000002759738f6c0_0 .net *"_ivl_0", 0 0, L_0000027597428690;  1 drivers
v000002759738f3a0_0 .net *"_ivl_10", 0 0, L_0000027597428770;  1 drivers
v0000027597390a20_0 .net *"_ivl_12", 0 0, L_00000275974283f0;  1 drivers
v000002759738f760_0 .net *"_ivl_14", 0 0, L_0000027597428e00;  1 drivers
v000002759738f800_0 .net *"_ivl_16", 0 0, L_0000027597428a10;  1 drivers
v00000275973900c0_0 .net *"_ivl_2", 0 0, L_00000275974282a0;  1 drivers
v0000027597390f20_0 .net *"_ivl_4", 0 0, L_00000275974284d0;  1 drivers
v0000027597390e80_0 .net *"_ivl_8", 0 0, L_0000027597428700;  1 drivers
v0000027597390160_0 .net "clearn", 0 0, o0000027597337cc8;  alias, 0 drivers
v000002759738f080_0 .net "door_closed", 0 0, o00000275973392e8;  alias, 0 drivers
v0000027597390340_0 .net "reset", 0 0, L_0000027597428310;  alias, 1 drivers
v000002759738f8a0_0 .net "set", 0 0, L_00000275974289a0;  alias, 1 drivers
v0000027597390200_0 .net "startn", 0 0, o0000027597339378;  alias, 0 drivers
v000002759738fbc0_0 .net "stopn", 0 0, o00000275973393a8;  alias, 0 drivers
v000002759738f940_0 .net "timer_done", 0 0, L_0000027597428230;  alias, 1 drivers
S_00000275972ed830 .scope module, "mag_latch" "mag_latch" 12 12, 14 1 0, S_00000275972fc010;
 .timescale 0 0;
    .port_info 0 /INPUT 1 "set";
    .port_info 1 /INPUT 1 "reset";
    .port_info 2 /OUTPUT 1 "Q";
v000002759738f260_0 .var "Q", 0 0;
v0000027597390660_0 .net "reset", 0 0, L_0000027597428310;  alias, 1 drivers
v00000275973902a0_0 .net "set", 0 0, L_00000275974289a0;  alias, 1 drivers
E_000002759732a490 .event anyedge, v000002759738f8a0_0, v0000027597390340_0, v0000027597332b20_0;
    .scope S_0000027597317be0;
T_0 ;
    %wait E_000002759732ab90;
    %load/vec4 v000002759738d2f0_0;
    %nor/r;
    %flag_set/vec4 8;
    %jmp/0xz  T_0.0, 8;
    %load/vec4 v000002759738d430_0;
    %cmpi/e 1, 0, 10;
    %jmp/0xz  T_0.2, 4;
    %pushi/vec4 0, 0, 4;
    %store/vec4 v000002759738ed30_0, 0, 4;
    %pushi/vec4 1, 0, 1;
    %store/vec4 v000002759738d4d0_0, 0, 1;
    %jmp T_0.3;
T_0.2 ;
    %load/vec4 v000002759738d430_0;
    %cmpi/e 2, 0, 10;
    %jmp/0xz  T_0.4, 4;
    %pushi/vec4 1, 0, 4;
    %store/vec4 v000002759738ed30_0, 0, 4;
    %pushi/vec4 1, 0, 1;
    %store/vec4 v000002759738d4d0_0, 0, 1;
    %jmp T_0.5;
T_0.4 ;
    %load/vec4 v000002759738d430_0;
    %cmpi/e 4, 0, 10;
    %jmp/0xz  T_0.6, 4;
    %pushi/vec4 2, 0, 4;
    %store/vec4 v000002759738ed30_0, 0, 4;
    %pushi/vec4 1, 0, 1;
    %store/vec4 v000002759738d4d0_0, 0, 1;
    %jmp T_0.7;
T_0.6 ;
    %load/vec4 v000002759738d430_0;
    %cmpi/e 8, 0, 10;
    %jmp/0xz  T_0.8, 4;
    %pushi/vec4 3, 0, 4;
    %store/vec4 v000002759738ed30_0, 0, 4;
    %pushi/vec4 1, 0, 1;
    %store/vec4 v000002759738d4d0_0, 0, 1;
    %jmp T_0.9;
T_0.8 ;
    %load/vec4 v000002759738d430_0;
    %cmpi/e 16, 0, 10;
    %jmp/0xz  T_0.10, 4;
    %pushi/vec4 4, 0, 4;
    %store/vec4 v000002759738ed30_0, 0, 4;
    %pushi/vec4 1, 0, 1;
    %store/vec4 v000002759738d4d0_0, 0, 1;
    %jmp T_0.11;
T_0.10 ;
    %load/vec4 v000002759738d430_0;
    %cmpi/e 32, 0, 10;
    %jmp/0xz  T_0.12, 4;
    %pushi/vec4 5, 0, 4;
    %store/vec4 v000002759738ed30_0, 0, 4;
    %pushi/vec4 1, 0, 1;
    %store/vec4 v000002759738d4d0_0, 0, 1;
    %jmp T_0.13;
T_0.12 ;
    %load/vec4 v000002759738d430_0;
    %cmpi/e 64, 0, 10;
    %jmp/0xz  T_0.14, 4;
    %pushi/vec4 6, 0, 4;
    %store/vec4 v000002759738ed30_0, 0, 4;
    %pushi/vec4 1, 0, 1;
    %store/vec4 v000002759738d4d0_0, 0, 1;
    %jmp T_0.15;
T_0.14 ;
    %load/vec4 v000002759738d430_0;
    %cmpi/e 128, 0, 10;
    %jmp/0xz  T_0.16, 4;
    %pushi/vec4 7, 0, 4;
    %store/vec4 v000002759738ed30_0, 0, 4;
    %pushi/vec4 1, 0, 1;
    %store/vec4 v000002759738d4d0_0, 0, 1;
    %jmp T_0.17;
T_0.16 ;
    %load/vec4 v000002759738d430_0;
    %cmpi/e 256, 0, 10;
    %jmp/0xz  T_0.18, 4;
    %pushi/vec4 8, 0, 4;
    %store/vec4 v000002759738ed30_0, 0, 4;
    %pushi/vec4 1, 0, 1;
    %store/vec4 v000002759738d4d0_0, 0, 1;
    %jmp T_0.19;
T_0.18 ;
    %load/vec4 v000002759738d430_0;
    %cmpi/e 512, 0, 10;
    %jmp/0xz  T_0.20, 4;
    %pushi/vec4 9, 0, 4;
    %store/vec4 v000002759738ed30_0, 0, 4;
    %pushi/vec4 1, 0, 1;
    %store/vec4 v000002759738d4d0_0, 0, 1;
    %jmp T_0.21;
T_0.20 ;
    %pushi/vec4 0, 0, 4;
    %store/vec4 v000002759738ed30_0, 0, 4;
    %pushi/vec4 0, 0, 1;
    %store/vec4 v000002759738d4d0_0, 0, 1;
T_0.21 ;
T_0.19 ;
T_0.17 ;
T_0.15 ;
T_0.13 ;
T_0.11 ;
T_0.9 ;
T_0.7 ;
T_0.5 ;
T_0.3 ;
T_0.0 ;
    %jmp T_0;
    .thread T_0, $push;
    .scope S_00000275972fdf60;
T_1 ;
    %pushi/vec4 0, 0, 32;
    %store/vec4 v000002759738f120_0, 0, 32;
    %pushi/vec4 0, 0, 1;
    %store/vec4 v000002759738d570_0, 0, 1;
    %end;
    .thread T_1;
    .scope S_00000275972fdf60;
T_2 ;
    %wait E_000002759732aad0;
    %load/vec4 v000002759738f120_0;
    %addi 1, 0, 32;
    %assign/vec4 v000002759738f120_0, 0;
    %load/vec4 v000002759738f120_0;
    %cmpi/e 100, 0, 32;
    %jmp/0xz  T_2.0, 4;
    %load/vec4 v000002759738d570_0;
    %nor/r;
    %assign/vec4 v000002759738d570_0, 0;
    %pushi/vec4 0, 0, 32;
    %assign/vec4 v000002759738f120_0, 0;
T_2.0 ;
    %jmp T_2;
    .thread T_2;
    .scope S_00000275972fe0f0;
T_3 ;
    %wait E_0000027597329fd0;
    %load/vec4 v0000027597390ac0_0;
    %flag_set/vec4 8;
    %jmp/0xz  T_3.0, 8;
    %pushi/vec4 0, 0, 3;
    %store/vec4 v000002759738f580_0, 0, 3;
    %jmp T_3.1;
T_3.0 ;
    %load/vec4 v000002759738f580_0;
    %cmpi/e 3, 0, 3;
    %jmp/0xz  T_3.2, 4;
    %pushi/vec4 1, 0, 1;
    %store/vec4 v000002759738fa80_0, 0, 1;
    %load/vec4 v000002759738f580_0;
    %addi 1, 0, 3;
    %store/vec4 v000002759738f580_0, 0, 3;
    %jmp T_3.3;
T_3.2 ;
    %load/vec4 v000002759738f580_0;
    %cmpi/u 7, 0, 3;
    %jmp/0xz  T_3.4, 5;
    %load/vec4 v000002759738f580_0;
    %addi 1, 0, 3;
    %store/vec4 v000002759738f580_0, 0, 3;
T_3.4 ;
T_3.3 ;
T_3.1 ;
    %jmp T_3;
    .thread T_3;
    .scope S_00000275972f9930;
T_4 ;
    %wait E_00000275973281d0;
    %load/vec4 v000002759738e470_0;
    %flag_set/vec4 8;
    %jmp/0xz  T_4.0, 8;
    %load/vec4 v000002759738eab0_0;
    %assign/vec4 v000002759738e330_0, 0;
    %jmp T_4.1;
T_4.0 ;
    %load/vec4 v000002759738d110_0;
    %nor/r;
    %flag_set/vec4 8;
    %jmp/0xz  T_4.2, 8;
    %load/vec4 v000002759738e330_0;
    %assign/vec4 v000002759738e330_0, 0;
    %jmp T_4.3;
T_4.2 ;
    %load/vec4 v000002759738d7f0_0;
    %nor/r;
    %flag_set/vec4 8;
    %jmp/0xz  T_4.4, 8;
    %pushi/vec4 9, 0, 4;
    %assign/vec4 v000002759738e330_0, 0;
    %jmp T_4.5;
T_4.4 ;
    %load/vec4 v000002759738e330_0;
    %subi 1, 0, 4;
    %assign/vec4 v000002759738e330_0, 0;
T_4.5 ;
T_4.3 ;
T_4.1 ;
    %jmp T_4;
    .thread T_4;
    .scope S_00000275972f9930;
T_5 ;
    %wait E_0000027597327e90;
    %load/vec4 v000002759738df70_0;
    %nor/r;
    %flag_set/vec4 8;
    %jmp/0xz  T_5.0, 8;
    %pushi/vec4 0, 0, 4;
    %assign/vec4 v000002759738e330_0, 0;
T_5.0 ;
    %jmp T_5;
    .thread T_5;
    .scope S_0000027597303280;
T_6 ;
    %wait E_00000275973281d0;
    %load/vec4 v0000027597331d60_0;
    %flag_set/vec4 8;
    %jmp/0xz  T_6.0, 8;
    %load/vec4 v0000027597331cc0_0;
    %assign/vec4 v0000027597333520_0, 0;
    %jmp T_6.1;
T_6.0 ;
    %load/vec4 v0000027597331e00_0;
    %nor/r;
    %flag_set/vec4 8;
    %jmp/0xz  T_6.2, 8;
    %load/vec4 v0000027597333520_0;
    %assign/vec4 v0000027597333520_0, 0;
    %jmp T_6.3;
T_6.2 ;
    %load/vec4 v00000275973324e0_0;
    %nor/r;
    %flag_set/vec4 8;
    %jmp/0xz  T_6.4, 8;
    %pushi/vec4 5, 0, 4;
    %assign/vec4 v0000027597333520_0, 0;
    %jmp T_6.5;
T_6.4 ;
    %load/vec4 v0000027597333520_0;
    %subi 1, 0, 4;
    %assign/vec4 v0000027597333520_0, 0;
T_6.5 ;
T_6.3 ;
T_6.1 ;
    %jmp T_6;
    .thread T_6;
    .scope S_0000027597303280;
T_7 ;
    %wait E_0000027597327e90;
    %load/vec4 v0000027597332080_0;
    %nor/r;
    %flag_set/vec4 8;
    %jmp/0xz  T_7.0, 8;
    %pushi/vec4 0, 0, 4;
    %assign/vec4 v0000027597333520_0, 0;
T_7.0 ;
    %jmp T_7;
    .thread T_7;
    .scope S_0000027597303410;
T_8 ;
    %wait E_00000275973281d0;
    %load/vec4 v0000027597331900_0;
    %flag_set/vec4 8;
    %jmp/0xz  T_8.0, 8;
    %load/vec4 v0000027597333200_0;
    %assign/vec4 v0000027597323450_0, 0;
    %jmp T_8.1;
T_8.0 ;
    %load/vec4 v000002759738edd0_0;
    %nor/r;
    %flag_set/vec4 8;
    %jmp/0xz  T_8.2, 8;
    %load/vec4 v0000027597323450_0;
    %assign/vec4 v0000027597323450_0, 0;
    %jmp T_8.3;
T_8.2 ;
    %load/vec4 v0000027597322690_0;
    %nor/r;
    %flag_set/vec4 8;
    %jmp/0xz  T_8.4, 8;
    %pushi/vec4 9, 0, 4;
    %assign/vec4 v0000027597323450_0, 0;
    %jmp T_8.5;
T_8.4 ;
    %load/vec4 v0000027597323450_0;
    %subi 1, 0, 4;
    %assign/vec4 v0000027597323450_0, 0;
T_8.5 ;
T_8.3 ;
T_8.1 ;
    %jmp T_8;
    .thread T_8;
    .scope S_0000027597303410;
T_9 ;
    %wait E_0000027597327e90;
    %load/vec4 v0000027597332580_0;
    %nor/r;
    %flag_set/vec4 8;
    %jmp/0xz  T_9.0, 8;
    %pushi/vec4 0, 0, 4;
    %assign/vec4 v0000027597323450_0, 0;
T_9.0 ;
    %jmp T_9;
    .thread T_9;
    .scope S_00000275972ed830;
T_10 ;
    %wait E_000002759732a490;
    %load/vec4 v00000275973902a0_0;
    %pad/u 32;
    %cmpi/e 0, 0, 32;
    %flag_get/vec4 4;
    %jmp/0 T_10.2, 4;
    %load/vec4 v0000027597390660_0;
    %pad/u 32;
    %pushi/vec4 0, 0, 32;
    %cmp/e;
    %flag_get/vec4 4;
    %and;
T_10.2;
    %flag_set/vec4 8;
    %jmp/0xz  T_10.0, 8;
    %load/vec4 v000002759738f260_0;
    %assign/vec4 v000002759738f260_0, 0;
    %jmp T_10.1;
T_10.0 ;
    %load/vec4 v00000275973902a0_0;
    %pad/u 32;
    %cmpi/e 0, 0, 32;
    %flag_get/vec4 4;
    %jmp/0 T_10.5, 4;
    %load/vec4 v0000027597390660_0;
    %pad/u 32;
    %pushi/vec4 1, 0, 32;
    %cmp/e;
    %flag_get/vec4 4;
    %and;
T_10.5;
    %flag_set/vec4 8;
    %jmp/0xz  T_10.3, 8;
    %pushi/vec4 0, 0, 1;
    %assign/vec4 v000002759738f260_0, 0;
    %jmp T_10.4;
T_10.3 ;
    %load/vec4 v00000275973902a0_0;
    %pad/u 32;
    %cmpi/e 1, 0, 32;
    %flag_get/vec4 4;
    %jmp/0 T_10.8, 4;
    %load/vec4 v0000027597390660_0;
    %pad/u 32;
    %pushi/vec4 0, 0, 32;
    %cmp/e;
    %flag_get/vec4 4;
    %and;
T_10.8;
    %flag_set/vec4 8;
    %jmp/0xz  T_10.6, 8;
    %pushi/vec4 1, 0, 1;
    %assign/vec4 v000002759738f260_0, 0;
    %jmp T_10.7;
T_10.6 ;
    %load/vec4 v00000275973902a0_0;
    %pad/u 32;
    %cmpi/e 1, 0, 32;
    %flag_get/vec4 4;
    %jmp/0 T_10.11, 4;
    %load/vec4 v0000027597390660_0;
    %pad/u 32;
    %pushi/vec4 1, 0, 32;
    %cmp/e;
    %flag_get/vec4 4;
    %and;
T_10.11;
    %flag_set/vec4 8;
    %jmp/0xz  T_10.9, 8;
    %pushi/vec4 0, 0, 1;
    %assign/vec4 v000002759738f260_0, 0;
T_10.9 ;
T_10.7 ;
T_10.4 ;
T_10.1 ;
    %jmp T_10;
    .thread T_10, $push;
    .scope S_00000275972f9ac0;
T_11 ;
    %wait E_00000275973284d0;
    %load/vec4 v000002759738ef10_0;
    %dup/vec4;
    %pushi/vec4 0, 0, 4;
    %cmp/u;
    %jmp/1 T_11.0, 6;
    %dup/vec4;
    %pushi/vec4 1, 0, 4;
    %cmp/u;
    %jmp/1 T_11.1, 6;
    %dup/vec4;
    %pushi/vec4 2, 0, 4;
    %cmp/u;
    %jmp/1 T_11.2, 6;
    %dup/vec4;
    %pushi/vec4 3, 0, 4;
    %cmp/u;
    %jmp/1 T_11.3, 6;
    %dup/vec4;
    %pushi/vec4 4, 0, 4;
    %cmp/u;
    %jmp/1 T_11.4, 6;
    %dup/vec4;
    %pushi/vec4 5, 0, 4;
    %cmp/u;
    %jmp/1 T_11.5, 6;
    %dup/vec4;
    %pushi/vec4 6, 0, 4;
    %cmp/u;
    %jmp/1 T_11.6, 6;
    %dup/vec4;
    %pushi/vec4 7, 0, 4;
    %cmp/u;
    %jmp/1 T_11.7, 6;
    %dup/vec4;
    %pushi/vec4 8, 0, 4;
    %cmp/u;
    %jmp/1 T_11.8, 6;
    %dup/vec4;
    %pushi/vec4 9, 0, 4;
    %cmp/u;
    %jmp/1 T_11.9, 6;
    %jmp T_11.10;
T_11.0 ;
    %pushi/vec4 1, 0, 7;
    %store/vec4 v000002759738ec90_0, 0, 7;
    %jmp T_11.10;
T_11.1 ;
    %pushi/vec4 79, 0, 7;
    %store/vec4 v000002759738ec90_0, 0, 7;
    %jmp T_11.10;
T_11.2 ;
    %pushi/vec4 18, 0, 7;
    %store/vec4 v000002759738ec90_0, 0, 7;
    %jmp T_11.10;
T_11.3 ;
    %pushi/vec4 6, 0, 7;
    %store/vec4 v000002759738ec90_0, 0, 7;
    %jmp T_11.10;
T_11.4 ;
    %pushi/vec4 76, 0, 7;
    %store/vec4 v000002759738ec90_0, 0, 7;
    %jmp T_11.10;
T_11.5 ;
    %pushi/vec4 36, 0, 7;
    %store/vec4 v000002759738ec90_0, 0, 7;
    %jmp T_11.10;
T_11.6 ;
    %pushi/vec4 32, 0, 7;
    %store/vec4 v000002759738ec90_0, 0, 7;
    %jmp T_11.10;
T_11.7 ;
    %pushi/vec4 13, 0, 7;
    %store/vec4 v000002759738ec90_0, 0, 7;
    %jmp T_11.10;
T_11.8 ;
    %pushi/vec4 0, 0, 7;
    %store/vec4 v000002759738ec90_0, 0, 7;
    %jmp T_11.10;
T_11.9 ;
    %pushi/vec4 4, 0, 7;
    %store/vec4 v000002759738ec90_0, 0, 7;
    %jmp T_11.10;
T_11.10 ;
    %pop/vec4 1;
    %jmp T_11;
    .thread T_11, $push;
    .scope S_00000275972f9ac0;
T_12 ;
    %wait E_00000275973280d0;
    %load/vec4 v000002759738ea10_0;
    %dup/vec4;
    %pushi/vec4 0, 0, 4;
    %cmp/u;
    %jmp/1 T_12.0, 6;
    %dup/vec4;
    %pushi/vec4 1, 0, 4;
    %cmp/u;
    %jmp/1 T_12.1, 6;
    %dup/vec4;
    %pushi/vec4 2, 0, 4;
    %cmp/u;
    %jmp/1 T_12.2, 6;
    %dup/vec4;
    %pushi/vec4 3, 0, 4;
    %cmp/u;
    %jmp/1 T_12.3, 6;
    %dup/vec4;
    %pushi/vec4 4, 0, 4;
    %cmp/u;
    %jmp/1 T_12.4, 6;
    %dup/vec4;
    %pushi/vec4 5, 0, 4;
    %cmp/u;
    %jmp/1 T_12.5, 6;
    %dup/vec4;
    %pushi/vec4 6, 0, 4;
    %cmp/u;
    %jmp/1 T_12.6, 6;
    %dup/vec4;
    %pushi/vec4 7, 0, 4;
    %cmp/u;
    %jmp/1 T_12.7, 6;
    %dup/vec4;
    %pushi/vec4 8, 0, 4;
    %cmp/u;
    %jmp/1 T_12.8, 6;
    %dup/vec4;
    %pushi/vec4 9, 0, 4;
    %cmp/u;
    %jmp/1 T_12.9, 6;
    %jmp T_12.10;
T_12.0 ;
    %pushi/vec4 1, 0, 7;
    %store/vec4 v000002759738eb50_0, 0, 7;
    %jmp T_12.10;
T_12.1 ;
    %pushi/vec4 79, 0, 7;
    %store/vec4 v000002759738eb50_0, 0, 7;
    %jmp T_12.10;
T_12.2 ;
    %pushi/vec4 18, 0, 7;
    %store/vec4 v000002759738eb50_0, 0, 7;
    %jmp T_12.10;
T_12.3 ;
    %pushi/vec4 6, 0, 7;
    %store/vec4 v000002759738eb50_0, 0, 7;
    %jmp T_12.10;
T_12.4 ;
    %pushi/vec4 76, 0, 7;
    %store/vec4 v000002759738eb50_0, 0, 7;
    %jmp T_12.10;
T_12.5 ;
    %pushi/vec4 36, 0, 7;
    %store/vec4 v000002759738eb50_0, 0, 7;
    %jmp T_12.10;
T_12.6 ;
    %pushi/vec4 32, 0, 7;
    %store/vec4 v000002759738eb50_0, 0, 7;
    %jmp T_12.10;
T_12.7 ;
    %pushi/vec4 13, 0, 7;
    %store/vec4 v000002759738eb50_0, 0, 7;
    %jmp T_12.10;
T_12.8 ;
    %pushi/vec4 0, 0, 7;
    %store/vec4 v000002759738eb50_0, 0, 7;
    %jmp T_12.10;
T_12.9 ;
    %pushi/vec4 4, 0, 7;
    %store/vec4 v000002759738eb50_0, 0, 7;
    %jmp T_12.10;
T_12.10 ;
    %pop/vec4 1;
    %jmp T_12;
    .thread T_12, $push;
    .scope S_00000275972f9ac0;
T_13 ;
    %wait E_0000027597327ed0;
    %load/vec4 v000002759738d250_0;
    %dup/vec4;
    %pushi/vec4 0, 0, 4;
    %cmp/u;
    %jmp/1 T_13.0, 6;
    %dup/vec4;
    %pushi/vec4 1, 0, 4;
    %cmp/u;
    %jmp/1 T_13.1, 6;
    %dup/vec4;
    %pushi/vec4 2, 0, 4;
    %cmp/u;
    %jmp/1 T_13.2, 6;
    %dup/vec4;
    %pushi/vec4 3, 0, 4;
    %cmp/u;
    %jmp/1 T_13.3, 6;
    %dup/vec4;
    %pushi/vec4 4, 0, 4;
    %cmp/u;
    %jmp/1 T_13.4, 6;
    %dup/vec4;
    %pushi/vec4 5, 0, 4;
    %cmp/u;
    %jmp/1 T_13.5, 6;
    %dup/vec4;
    %pushi/vec4 6, 0, 4;
    %cmp/u;
    %jmp/1 T_13.6, 6;
    %dup/vec4;
    %pushi/vec4 7, 0, 4;
    %cmp/u;
    %jmp/1 T_13.7, 6;
    %dup/vec4;
    %pushi/vec4 8, 0, 4;
    %cmp/u;
    %jmp/1 T_13.8, 6;
    %dup/vec4;
    %pushi/vec4 9, 0, 4;
    %cmp/u;
    %jmp/1 T_13.9, 6;
    %jmp T_13.10;
T_13.0 ;
    %pushi/vec4 1, 0, 7;
    %store/vec4 v000002759738db10_0, 0, 7;
    %jmp T_13.10;
T_13.1 ;
    %pushi/vec4 79, 0, 7;
    %store/vec4 v000002759738db10_0, 0, 7;
    %jmp T_13.10;
T_13.2 ;
    %pushi/vec4 18, 0, 7;
    %store/vec4 v000002759738db10_0, 0, 7;
    %jmp T_13.10;
T_13.3 ;
    %pushi/vec4 6, 0, 7;
    %store/vec4 v000002759738db10_0, 0, 7;
    %jmp T_13.10;
T_13.4 ;
    %pushi/vec4 76, 0, 7;
    %store/vec4 v000002759738db10_0, 0, 7;
    %jmp T_13.10;
T_13.5 ;
    %pushi/vec4 36, 0, 7;
    %store/vec4 v000002759738db10_0, 0, 7;
    %jmp T_13.10;
T_13.6 ;
    %pushi/vec4 32, 0, 7;
    %store/vec4 v000002759738db10_0, 0, 7;
    %jmp T_13.10;
T_13.7 ;
    %pushi/vec4 13, 0, 7;
    %store/vec4 v000002759738db10_0, 0, 7;
    %jmp T_13.10;
T_13.8 ;
    %pushi/vec4 0, 0, 7;
    %store/vec4 v000002759738db10_0, 0, 7;
    %jmp T_13.10;
T_13.9 ;
    %pushi/vec4 4, 0, 7;
    %store/vec4 v000002759738db10_0, 0, 7;
    %jmp T_13.10;
T_13.10 ;
    %pop/vec4 1;
    %jmp T_13;
    .thread T_13, $push;
# The file index is used to find the file name in the following table.
:file_names 15;
    "N/A";
    "<interactive>";
    ".\microondas.v";
    "./contador_nivel2.v";
    "./contador_mod6.v";
    "./contador_mod10.v";
    "./decodificador.v";
    "./encoder.v";
    "./priority_encoder.v";
    "./div_100.v";
    "./debouncer.v";
    "./mux.v";
    "./nivel2_mag_controle.v";
    "./control_mag.v";
    "./mag_latch.v";
