#! /c/Source/iverilog-install/bin/vvp
:ivl_version "12.0 (devel)" "(s20150603-1539-g2693dd32b)";
:ivl_delay_selection "TYPICAL";
:vpi_time_precision - 9;
:vpi_module "C:\iverilog\lib\ivl\system.vpi";
:vpi_module "C:\iverilog\lib\ivl\vhdl_sys.vpi";
:vpi_module "C:\iverilog\lib\ivl\vhdl_textio.vpi";
:vpi_module "C:\iverilog\lib\ivl\v2005_math.vpi";
:vpi_module "C:\iverilog\lib\ivl\va_math.vpi";
S_0000021812859e40 .scope module, "nivel2_mag_controle_teste" "nivel2_mag_controle_teste" 2 4;
 .timescale -9 -9;
v00000218128c70d0_0 .var "clearn_TB", 0 0;
v00000218128c6d10_0 .var "door_closed_TB", 0 0;
v00000218128c6e50_0 .var "startn_TB", 0 0;
v00000218128c68b0_0 .var "stopn_TB", 0 0;
v00000218128c7170_0 .var "timer_done_TB", 0 0;
S_0000021812859fd0 .scope module, "DUT" "nivel2_mag_controle" 2 9, 3 4 0, S_0000021812859e40;
 .timescale -9 -9;
    .port_info 0 /INPUT 1 "startn";
    .port_info 1 /INPUT 1 "stopn";
    .port_info 2 /INPUT 1 "clearn";
    .port_info 3 /INPUT 1 "door_closed";
    .port_info 4 /INPUT 1 "timer_done";
    .port_info 5 /OUTPUT 1 "mag_on";
v00000218128c6f90_0 .net "clearn", 0 0, v00000218128c70d0_0;  1 drivers
v00000218128c75d0_0 .net "door_closed", 0 0, v00000218128c6d10_0;  1 drivers
v00000218128c7210_0 .net "mag_on", 0 0, v00000218128c73f0_0;  1 drivers
v00000218128c6bd0_0 .net "saida_reset", 0 0, L_00000218128c7e70;  1 drivers
v00000218128c7670_0 .net "saida_set", 0 0, L_000002181286fdf0;  1 drivers
v00000218128c6c70_0 .net "startn", 0 0, v00000218128c6e50_0;  1 drivers
v00000218128c7490_0 .net "stopn", 0 0, v00000218128c68b0_0;  1 drivers
v00000218128c6ef0_0 .net "timer_done", 0 0, v00000218128c7170_0;  1 drivers
S_0000021812872340 .scope module, "control_mag" "control_mag" 3 11, 4 1 0, S_0000021812859fd0;
 .timescale -9 -9;
    .port_info 0 /INPUT 1 "startn";
    .port_info 1 /INPUT 1 "stopn";
    .port_info 2 /INPUT 1 "clearn";
    .port_info 3 /INPUT 1 "door_closed";
    .port_info 4 /INPUT 1 "timer_done";
    .port_info 5 /OUTPUT 1 "set";
    .port_info 6 /OUTPUT 1 "reset";
L_000002181286fca0 .functor NOT 1, v00000218128c6e50_0, C4<0>, C4<0>, C4<0>;
L_000002181286fd10 .functor AND 1, L_000002181286fca0, v00000218128c6d10_0, C4<1>, C4<1>;
L_000002181286fd80 .functor NOT 1, v00000218128c7170_0, C4<0>, C4<0>, C4<0>;
L_000002181286fdf0 .functor AND 1, L_000002181286fd10, L_000002181286fd80, C4<1>, C4<1>;
L_000002181286fe60 .functor NOT 1, v00000218128c6d10_0, C4<0>, C4<0>, C4<0>;
L_00000218128c7a10 .functor NOT 1, v00000218128c70d0_0, C4<0>, C4<0>, C4<0>;
L_00000218128c7930 .functor OR 1, L_000002181286fe60, L_00000218128c7a10, C4<0>, C4<0>;
L_00000218128c7fc0 .functor NOT 1, v00000218128c68b0_0, C4<0>, C4<0>, C4<0>;
L_00000218128c8030 .functor OR 1, L_00000218128c7930, L_00000218128c7fc0, C4<0>, C4<0>;
L_00000218128c7e70 .functor OR 1, L_00000218128c8030, v00000218128c7170_0, C4<0>, C4<0>;
v0000021812816da0_0 .net *"_ivl_0", 0 0, L_000002181286fca0;  1 drivers
v0000021812817080_0 .net *"_ivl_10", 0 0, L_00000218128c7a10;  1 drivers
v00000218128724d0_0 .net *"_ivl_12", 0 0, L_00000218128c7930;  1 drivers
v0000021812872570_0 .net *"_ivl_14", 0 0, L_00000218128c7fc0;  1 drivers
v0000021812872610_0 .net *"_ivl_16", 0 0, L_00000218128c8030;  1 drivers
v00000218128726b0_0 .net *"_ivl_2", 0 0, L_000002181286fd10;  1 drivers
v00000218128c6a90_0 .net *"_ivl_4", 0 0, L_000002181286fd80;  1 drivers
v00000218128c6b30_0 .net *"_ivl_8", 0 0, L_000002181286fe60;  1 drivers
v00000218128c72b0_0 .net "clearn", 0 0, v00000218128c70d0_0;  alias, 1 drivers
v00000218128c77b0_0 .net "door_closed", 0 0, v00000218128c6d10_0;  alias, 1 drivers
v00000218128c7530_0 .net "reset", 0 0, L_00000218128c7e70;  alias, 1 drivers
v00000218128c6db0_0 .net "set", 0 0, L_000002181286fdf0;  alias, 1 drivers
v00000218128c6950_0 .net "startn", 0 0, v00000218128c6e50_0;  alias, 1 drivers
v00000218128c7350_0 .net "stopn", 0 0, v00000218128c68b0_0;  alias, 1 drivers
v00000218128c7710_0 .net "timer_done", 0 0, v00000218128c7170_0;  alias, 1 drivers
S_0000021812870320 .scope module, "mag_latch" "mag_latch" 3 12, 5 1 0, S_0000021812859fd0;
 .timescale -9 -9;
    .port_info 0 /INPUT 1 "set";
    .port_info 1 /INPUT 1 "reset";
    .port_info 2 /OUTPUT 1 "Q";
v00000218128c73f0_0 .var "Q", 0 0;
v00000218128c7030_0 .net "reset", 0 0, L_00000218128c7e70;  alias, 1 drivers
v00000218128c69f0_0 .net "set", 0 0, L_000002181286fdf0;  alias, 1 drivers
E_00000218128720a0 .event anyedge, v00000218128c6db0_0, v00000218128c7530_0, v00000218128c73f0_0;
    .scope S_0000021812870320;
T_0 ;
    %wait E_00000218128720a0;
    %load/vec4 v00000218128c69f0_0;
    %pad/u 32;
    %cmpi/e 0, 0, 32;
    %flag_get/vec4 4;
    %jmp/0 T_0.2, 4;
    %load/vec4 v00000218128c7030_0;
    %pad/u 32;
    %pushi/vec4 0, 0, 32;
    %cmp/e;
    %flag_get/vec4 4;
    %and;
T_0.2;
    %flag_set/vec4 8;
    %jmp/0xz  T_0.0, 8;
    %load/vec4 v00000218128c73f0_0;
    %assign/vec4 v00000218128c73f0_0, 0;
    %jmp T_0.1;
T_0.0 ;
    %load/vec4 v00000218128c69f0_0;
    %pad/u 32;
    %cmpi/e 0, 0, 32;
    %flag_get/vec4 4;
    %jmp/0 T_0.5, 4;
    %load/vec4 v00000218128c7030_0;
    %pad/u 32;
    %pushi/vec4 1, 0, 32;
    %cmp/e;
    %flag_get/vec4 4;
    %and;
T_0.5;
    %flag_set/vec4 8;
    %jmp/0xz  T_0.3, 8;
    %pushi/vec4 0, 0, 1;
    %assign/vec4 v00000218128c73f0_0, 0;
    %jmp T_0.4;
T_0.3 ;
    %load/vec4 v00000218128c69f0_0;
    %pad/u 32;
    %cmpi/e 1, 0, 32;
    %flag_get/vec4 4;
    %jmp/0 T_0.8, 4;
    %load/vec4 v00000218128c7030_0;
    %pad/u 32;
    %pushi/vec4 0, 0, 32;
    %cmp/e;
    %flag_get/vec4 4;
    %and;
T_0.8;
    %flag_set/vec4 8;
    %jmp/0xz  T_0.6, 8;
    %pushi/vec4 1, 0, 1;
    %assign/vec4 v00000218128c73f0_0, 0;
    %jmp T_0.7;
T_0.6 ;
    %load/vec4 v00000218128c69f0_0;
    %pad/u 32;
    %cmpi/e 1, 0, 32;
    %flag_get/vec4 4;
    %jmp/0 T_0.11, 4;
    %load/vec4 v00000218128c7030_0;
    %pad/u 32;
    %pushi/vec4 1, 0, 32;
    %cmp/e;
    %flag_get/vec4 4;
    %and;
T_0.11;
    %flag_set/vec4 8;
    %jmp/0xz  T_0.9, 8;
    %pushi/vec4 0, 0, 1;
    %assign/vec4 v00000218128c73f0_0, 0;
T_0.9 ;
T_0.7 ;
T_0.4 ;
T_0.1 ;
    %jmp T_0;
    .thread T_0, $push;
    .scope S_0000021812859e40;
T_1 ;
    %vpi_call 2 14 "$dumpfile", "nivel2_mag_controle_teste.vcd" {0 0 0};
    %vpi_call 2 15 "$dumpvars", 32'sb00000000000000000000000000000000, S_0000021812859e40 {0 0 0};
    %pushi/vec4 1, 0, 1;
    %store/vec4 v00000218128c6e50_0, 0, 1;
    %pushi/vec4 0, 0, 1;
    %store/vec4 v00000218128c68b0_0, 0, 1;
    %pushi/vec4 0, 0, 1;
    %store/vec4 v00000218128c70d0_0, 0, 1;
    %pushi/vec4 0, 0, 1;
    %store/vec4 v00000218128c6d10_0, 0, 1;
    %pushi/vec4 0, 0, 1;
    %store/vec4 v00000218128c7170_0, 0, 1;
    %delay 5, 0;
    %pushi/vec4 1, 0, 1;
    %store/vec4 v00000218128c6e50_0, 0, 1;
    %pushi/vec4 0, 0, 1;
    %store/vec4 v00000218128c68b0_0, 0, 1;
    %pushi/vec4 0, 0, 1;
    %store/vec4 v00000218128c70d0_0, 0, 1;
    %pushi/vec4 1, 0, 1;
    %store/vec4 v00000218128c6d10_0, 0, 1;
    %pushi/vec4 0, 0, 1;
    %store/vec4 v00000218128c7170_0, 0, 1;
    %delay 5, 0;
    %pushi/vec4 1, 0, 1;
    %store/vec4 v00000218128c6e50_0, 0, 1;
    %pushi/vec4 1, 0, 1;
    %store/vec4 v00000218128c68b0_0, 0, 1;
    %pushi/vec4 0, 0, 1;
    %store/vec4 v00000218128c70d0_0, 0, 1;
    %pushi/vec4 1, 0, 1;
    %store/vec4 v00000218128c6d10_0, 0, 1;
    %pushi/vec4 0, 0, 1;
    %store/vec4 v00000218128c7170_0, 0, 1;
    %delay 5, 0;
    %pushi/vec4 1, 0, 1;
    %store/vec4 v00000218128c6e50_0, 0, 1;
    %pushi/vec4 0, 0, 1;
    %store/vec4 v00000218128c68b0_0, 0, 1;
    %pushi/vec4 0, 0, 1;
    %store/vec4 v00000218128c70d0_0, 0, 1;
    %pushi/vec4 1, 0, 1;
    %store/vec4 v00000218128c6d10_0, 0, 1;
    %pushi/vec4 0, 0, 1;
    %store/vec4 v00000218128c7170_0, 0, 1;
    %delay 5, 0;
    %pushi/vec4 1, 0, 1;
    %store/vec4 v00000218128c6e50_0, 0, 1;
    %pushi/vec4 0, 0, 1;
    %store/vec4 v00000218128c68b0_0, 0, 1;
    %pushi/vec4 0, 0, 1;
    %store/vec4 v00000218128c70d0_0, 0, 1;
    %pushi/vec4 0, 0, 1;
    %store/vec4 v00000218128c6d10_0, 0, 1;
    %pushi/vec4 0, 0, 1;
    %store/vec4 v00000218128c7170_0, 0, 1;
    %delay 5, 0;
    %pushi/vec4 1, 0, 1;
    %store/vec4 v00000218128c6e50_0, 0, 1;
    %pushi/vec4 0, 0, 1;
    %store/vec4 v00000218128c68b0_0, 0, 1;
    %pushi/vec4 0, 0, 1;
    %store/vec4 v00000218128c70d0_0, 0, 1;
    %pushi/vec4 1, 0, 1;
    %store/vec4 v00000218128c6d10_0, 0, 1;
    %pushi/vec4 1, 0, 1;
    %store/vec4 v00000218128c7170_0, 0, 1;
    %delay 5, 0;
    %pushi/vec4 1, 0, 1;
    %store/vec4 v00000218128c6e50_0, 0, 1;
    %pushi/vec4 0, 0, 1;
    %store/vec4 v00000218128c68b0_0, 0, 1;
    %pushi/vec4 0, 0, 1;
    %store/vec4 v00000218128c70d0_0, 0, 1;
    %pushi/vec4 1, 0, 1;
    %store/vec4 v00000218128c6d10_0, 0, 1;
    %pushi/vec4 0, 0, 1;
    %store/vec4 v00000218128c7170_0, 0, 1;
    %delay 5, 0;
    %pushi/vec4 1, 0, 1;
    %store/vec4 v00000218128c6e50_0, 0, 1;
    %pushi/vec4 0, 0, 1;
    %store/vec4 v00000218128c68b0_0, 0, 1;
    %pushi/vec4 1, 0, 1;
    %store/vec4 v00000218128c70d0_0, 0, 1;
    %pushi/vec4 1, 0, 1;
    %store/vec4 v00000218128c6d10_0, 0, 1;
    %pushi/vec4 1, 0, 1;
    %store/vec4 v00000218128c7170_0, 0, 1;
    %delay 5, 0;
    %pushi/vec4 1, 0, 1;
    %store/vec4 v00000218128c6e50_0, 0, 1;
    %pushi/vec4 0, 0, 1;
    %store/vec4 v00000218128c68b0_0, 0, 1;
    %pushi/vec4 0, 0, 1;
    %store/vec4 v00000218128c70d0_0, 0, 1;
    %pushi/vec4 1, 0, 1;
    %store/vec4 v00000218128c6d10_0, 0, 1;
    %pushi/vec4 0, 0, 1;
    %store/vec4 v00000218128c7170_0, 0, 1;
    %delay 5, 0;
    %pushi/vec4 1, 0, 1;
    %store/vec4 v00000218128c6e50_0, 0, 1;
    %pushi/vec4 1, 0, 1;
    %store/vec4 v00000218128c68b0_0, 0, 1;
    %pushi/vec4 1, 0, 1;
    %store/vec4 v00000218128c70d0_0, 0, 1;
    %pushi/vec4 1, 0, 1;
    %store/vec4 v00000218128c6d10_0, 0, 1;
    %pushi/vec4 1, 0, 1;
    %store/vec4 v00000218128c7170_0, 0, 1;
    %delay 5, 0;
    %pushi/vec4 0, 0, 1;
    %store/vec4 v00000218128c6e50_0, 0, 1;
    %pushi/vec4 1, 0, 1;
    %store/vec4 v00000218128c68b0_0, 0, 1;
    %pushi/vec4 1, 0, 1;
    %store/vec4 v00000218128c70d0_0, 0, 1;
    %pushi/vec4 1, 0, 1;
    %store/vec4 v00000218128c6d10_0, 0, 1;
    %pushi/vec4 1, 0, 1;
    %store/vec4 v00000218128c7170_0, 0, 1;
    %delay 5, 0;
    %pushi/vec4 0, 0, 1;
    %store/vec4 v00000218128c6e50_0, 0, 1;
    %pushi/vec4 0, 0, 1;
    %store/vec4 v00000218128c68b0_0, 0, 1;
    %pushi/vec4 0, 0, 1;
    %store/vec4 v00000218128c70d0_0, 0, 1;
    %pushi/vec4 0, 0, 1;
    %store/vec4 v00000218128c6d10_0, 0, 1;
    %pushi/vec4 0, 0, 1;
    %store/vec4 v00000218128c7170_0, 0, 1;
    %end;
    .thread T_1;
# The file index is used to find the file name in the following table.
:file_names 6;
    "N/A";
    "<interactive>";
    "nivel2_mag_controle_teste.v";
    "nivel2_mag_controle.v";
    "./control_mag.v";
    "./mag_latch.v";
